<?xml version="1.0" encoding="UTF-8"?>
<!-- Generated by org.testng.reporters.JUnitReportReporter -->
<testsuite hostname="Aditya" failures="0" tests="1" name="com.test.LoginTest" time="23.254" errors="0" timestamp="2023-10-22T16:36:20 IST" skipped="0">
  <testcase classname="com.test.LoginTest" name="loginTest" time="23.254"/>
</testsuite> <!-- com.test.LoginTest -->
